[0625/003318.302:ERROR:process_reader_win.cc(151)] SuspendThread: Acceso denegado. (0x5)
[0625/003318.305:ERROR:process_reader_win.cc(151)] SuspendThread: Acceso denegado. (0x5)
[0625/003318.305:ERROR:process_reader_win.cc(151)] SuspendThread: Acceso denegado. (0x5)
[0625/003318.305:ERROR:process_reader_win.cc(151)] SuspendThread: Acceso denegado. (0x5)
[0625/003318.305:ERROR:process_reader_win.cc(151)] SuspendThread: Acceso denegado. (0x5)
[0625/003318.305:ERROR:process_reader_win.cc(151)] SuspendThread: Acceso denegado. (0x5)
[0625/003318.305:ERROR:process_reader_win.cc(151)] SuspendThread: Acceso denegado. (0x5)
[0625/003318.305:ERROR:process_reader_win.cc(151)] SuspendThread: Acceso denegado. (0x5)
[0625/003318.305:ERROR:process_reader_win.cc(151)] SuspendThread: Acceso denegado. (0x5)
[0625/003318.305:ERROR:process_reader_win.cc(151)] SuspendThread: Acceso denegado. (0x5)
[0625/003318.305:ERROR:process_reader_win.cc(151)] SuspendThread: Acceso denegado. (0x5)
[0625/003318.305:ERROR:process_reader_win.cc(151)] SuspendThread: Acceso denegado. (0x5)
[0625/003318.305:ERROR:process_reader_win.cc(151)] SuspendThread: Acceso denegado. (0x5)
[0625/003318.305:ERROR:process_reader_win.cc(151)] SuspendThread: Acceso denegado. (0x5)
[0625/003318.305:ERROR:exception_snapshot_win.cc(88)] thread ID 19228 not found in process
[0711/211716.368:ERROR:process_reader_win.cc(151)] SuspendThread: Acceso denegado. (0x5)
[0711/211716.373:ERROR:process_reader_win.cc(151)] SuspendThread: Acceso denegado. (0x5)
[0711/211716.373:ERROR:process_reader_win.cc(151)] SuspendThread: Acceso denegado. (0x5)
[0711/211716.373:ERROR:process_reader_win.cc(151)] SuspendThread: Acceso denegado. (0x5)
[0711/211716.373:ERROR:process_reader_win.cc(151)] SuspendThread: Acceso denegado. (0x5)
[0711/211716.373:ERROR:process_reader_win.cc(151)] SuspendThread: Acceso denegado. (0x5)
[0711/211716.374:ERROR:process_reader_win.cc(151)] SuspendThread: Acceso denegado. (0x5)
[0711/211716.374:ERROR:process_reader_win.cc(151)] SuspendThread: Acceso denegado. (0x5)
[0711/211716.374:ERROR:process_reader_win.cc(151)] SuspendThread: Acceso denegado. (0x5)
[0711/211716.374:ERROR:process_reader_win.cc(151)] SuspendThread: Acceso denegado. (0x5)
[0711/211716.374:ERROR:process_reader_win.cc(151)] SuspendThread: Acceso denegado. (0x5)
[0711/211716.374:ERROR:exception_snapshot_win.cc(88)] thread ID 13988 not found in process
[0712/010241.717:ERROR:process_info.cc(329)] VirtualQueryEx: Acceso denegado. (0x5)
[0712/010241.717:ERROR:process_info.cc(550)] ReadMemoryInfo failed
[0712/010241.727:ERROR:process_reader_win.cc(151)] SuspendThread: Acceso denegado. (0x5)
[0712/010241.728:ERROR:exception_snapshot_win.cc(88)] thread ID 16588 not found in process
[0712/010241.728:ERROR:scoped_process_suspend.cc(40)] NtResumeProcess: Se intentó obtener acceso a un proceso que está cerrándose. (0xc000010a)
[0712/013011.036:ERROR:process_reader_win.cc(151)] SuspendThread: Acceso denegado. (0x5)
[0712/013011.039:ERROR:process_reader_win.cc(151)] SuspendThread: Acceso denegado. (0x5)
[0712/013011.039:ERROR:process_reader_win.cc(151)] SuspendThread: Acceso denegado. (0x5)
[0712/013011.039:ERROR:process_reader_win.cc(151)] SuspendThread: Acceso denegado. (0x5)
[0712/013011.039:ERROR:process_reader_win.cc(151)] SuspendThread: Acceso denegado. (0x5)
[0712/013011.039:ERROR:process_reader_win.cc(151)] SuspendThread: Acceso denegado. (0x5)
[0712/013011.039:ERROR:process_reader_win.cc(151)] SuspendThread: Acceso denegado. (0x5)
[0712/013011.039:ERROR:process_reader_win.cc(151)] SuspendThread: Acceso denegado. (0x5)
[0712/013011.039:ERROR:process_reader_win.cc(151)] SuspendThread: Acceso denegado. (0x5)
[0712/013011.039:ERROR:process_reader_win.cc(151)] SuspendThread: Acceso denegado. (0x5)
[0712/013011.039:ERROR:process_reader_win.cc(151)] SuspendThread: Acceso denegado. (0x5)
[0712/013011.039:ERROR:process_reader_win.cc(151)] SuspendThread: Acceso denegado. (0x5)
[0712/013011.039:ERROR:process_reader_win.cc(151)] SuspendThread: Acceso denegado. (0x5)
[0712/013011.039:ERROR:process_reader_win.cc(151)] SuspendThread: Acceso denegado. (0x5)
[0712/013011.039:ERROR:exception_snapshot_win.cc(88)] thread ID 19476 not found in process
[0712/014141.572:ERROR:process_reader_win.cc(151)] SuspendThread: Acceso denegado. (0x5)
[0712/014141.572:ERROR:process_reader_win.cc(151)] SuspendThread: Acceso denegado. (0x5)
[0712/014141.572:ERROR:process_reader_win.cc(151)] SuspendThread: Acceso denegado. (0x5)
[0712/014141.572:ERROR:process_reader_win.cc(151)] SuspendThread: Acceso denegado. (0x5)
[0712/014141.572:ERROR:process_reader_win.cc(151)] SuspendThread: Acceso denegado. (0x5)
[0712/014141.572:ERROR:process_reader_win.cc(151)] SuspendThread: Acceso denegado. (0x5)
[0712/014141.572:ERROR:process_reader_win.cc(151)] SuspendThread: Acceso denegado. (0x5)
[0712/014141.572:ERROR:process_reader_win.cc(151)] SuspendThread: Acceso denegado. (0x5)
[0712/014141.572:ERROR:process_reader_win.cc(151)] SuspendThread: Acceso denegado. (0x5)
[0712/014141.572:ERROR:process_reader_win.cc(151)] SuspendThread: Acceso denegado. (0x5)
[0712/014141.572:ERROR:process_reader_win.cc(151)] SuspendThread: Acceso denegado. (0x5)
[0712/014141.572:ERROR:process_reader_win.cc(151)] SuspendThread: Acceso denegado. (0x5)
[0712/014141.572:ERROR:process_reader_win.cc(151)] SuspendThread: Acceso denegado. (0x5)
[0712/014141.572:ERROR:process_reader_win.cc(151)] SuspendThread: Acceso denegado. (0x5)
[0712/014141.572:ERROR:exception_snapshot_win.cc(88)] thread ID 19392 not found in process
[0712/014534.690:ERROR:process_reader_win.cc(151)] SuspendThread: Acceso denegado. (0x5)
[0712/014534.690:ERROR:process_reader_win.cc(151)] SuspendThread: Acceso denegado. (0x5)
[0712/014534.690:ERROR:process_reader_win.cc(151)] SuspendThread: Acceso denegado. (0x5)
[0712/014534.690:ERROR:process_reader_win.cc(151)] SuspendThread: Acceso denegado. (0x5)
[0712/014534.690:ERROR:process_reader_win.cc(151)] SuspendThread: Acceso denegado. (0x5)
[0712/014534.690:ERROR:process_reader_win.cc(151)] SuspendThread: Acceso denegado. (0x5)
[0712/014534.690:ERROR:process_reader_win.cc(151)] SuspendThread: Acceso denegado. (0x5)
[0712/014534.690:ERROR:process_reader_win.cc(151)] SuspendThread: Acceso denegado. (0x5)
[0712/014534.690:ERROR:process_reader_win.cc(151)] SuspendThread: Acceso denegado. (0x5)
[0712/014534.690:ERROR:process_reader_win.cc(151)] SuspendThread: Acceso denegado. (0x5)
[0712/014534.690:ERROR:process_reader_win.cc(151)] SuspendThread: Acceso denegado. (0x5)
[0712/014534.690:ERROR:process_reader_win.cc(151)] SuspendThread: Acceso denegado. (0x5)
[0712/014534.690:ERROR:process_reader_win.cc(151)] SuspendThread: Acceso denegado. (0x5)
[0712/014534.690:ERROR:process_reader_win.cc(151)] SuspendThread: Acceso denegado. (0x5)
[0712/014534.690:ERROR:exception_snapshot_win.cc(88)] thread ID 18356 not found in process
[0712/014559.042:ERROR:process_reader_win.cc(151)] SuspendThread: Acceso denegado. (0x5)
[0712/014559.042:ERROR:process_reader_win.cc(151)] SuspendThread: Acceso denegado. (0x5)
[0712/014559.042:ERROR:process_reader_win.cc(151)] SuspendThread: Acceso denegado. (0x5)
[0712/014559.042:ERROR:process_reader_win.cc(151)] SuspendThread: Acceso denegado. (0x5)
[0712/014559.042:ERROR:process_reader_win.cc(151)] SuspendThread: Acceso denegado. (0x5)
[0712/014559.042:ERROR:process_reader_win.cc(151)] SuspendThread: Acceso denegado. (0x5)
[0712/014559.042:ERROR:process_reader_win.cc(151)] SuspendThread: Acceso denegado. (0x5)
[0712/014559.046:ERROR:process_reader_win.cc(151)] SuspendThread: Acceso denegado. (0x5)
[0712/014559.046:ERROR:process_reader_win.cc(151)] SuspendThread: Acceso denegado. (0x5)
[0712/014559.046:ERROR:process_reader_win.cc(151)] SuspendThread: Acceso denegado. (0x5)
[0712/014559.046:ERROR:process_reader_win.cc(151)] SuspendThread: Acceso denegado. (0x5)
[0712/014559.046:ERROR:process_reader_win.cc(151)] SuspendThread: Acceso denegado. (0x5)
[0712/014559.046:ERROR:process_reader_win.cc(151)] SuspendThread: Acceso denegado. (0x5)
[0712/014559.046:ERROR:process_reader_win.cc(151)] SuspendThread: Acceso denegado. (0x5)
[0712/014559.046:ERROR:exception_snapshot_win.cc(88)] thread ID 8160 not found in process
[0712/014700.859:ERROR:process_reader_win.cc(151)] SuspendThread: Acceso denegado. (0x5)
[0712/014700.859:ERROR:process_reader_win.cc(151)] SuspendThread: Acceso denegado. (0x5)
[0712/014700.859:ERROR:process_reader_win.cc(151)] SuspendThread: Acceso denegado. (0x5)
[0712/014700.859:ERROR:process_reader_win.cc(151)] SuspendThread: Acceso denegado. (0x5)
[0712/014700.859:ERROR:process_reader_win.cc(151)] SuspendThread: Acceso denegado. (0x5)
[0712/014700.859:ERROR:process_reader_win.cc(151)] SuspendThread: Acceso denegado. (0x5)
[0712/014700.859:ERROR:process_reader_win.cc(151)] SuspendThread: Acceso denegado. (0x5)
[0712/014700.859:ERROR:process_reader_win.cc(151)] SuspendThread: Acceso denegado. (0x5)
[0712/014700.859:ERROR:process_reader_win.cc(151)] SuspendThread: Acceso denegado. (0x5)
[0712/014700.859:ERROR:process_reader_win.cc(151)] SuspendThread: Acceso denegado. (0x5)
[0712/014700.859:ERROR:process_reader_win.cc(151)] SuspendThread: Acceso denegado. (0x5)
[0712/014700.859:ERROR:process_reader_win.cc(151)] SuspendThread: Acceso denegado. (0x5)
[0712/014700.859:ERROR:process_reader_win.cc(151)] SuspendThread: Acceso denegado. (0x5)
[0712/014700.859:ERROR:process_reader_win.cc(151)] SuspendThread: Acceso denegado. (0x5)
[0712/014700.859:ERROR:exception_snapshot_win.cc(88)] thread ID 25924 not found in process
[0712/014803.399:ERROR:process_reader_win.cc(151)] SuspendThread: Acceso denegado. (0x5)
[0712/014803.399:ERROR:process_reader_win.cc(151)] SuspendThread: Acceso denegado. (0x5)
[0712/014803.399:ERROR:process_reader_win.cc(151)] SuspendThread: Acceso denegado. (0x5)
[0712/014803.399:ERROR:process_reader_win.cc(151)] SuspendThread: Acceso denegado. (0x5)
[0712/014803.399:ERROR:process_reader_win.cc(151)] SuspendThread: Acceso denegado. (0x5)
[0712/014803.399:ERROR:process_reader_win.cc(151)] SuspendThread: Acceso denegado. (0x5)
[0712/014803.399:ERROR:process_reader_win.cc(151)] SuspendThread: Acceso denegado. (0x5)
[0712/014803.399:ERROR:process_reader_win.cc(151)] SuspendThread: Acceso denegado. (0x5)
[0712/014803.399:ERROR:process_reader_win.cc(151)] SuspendThread: Acceso denegado. (0x5)
[0712/014803.399:ERROR:process_reader_win.cc(151)] SuspendThread: Acceso denegado. (0x5)
[0712/014803.399:ERROR:process_reader_win.cc(151)] SuspendThread: Acceso denegado. (0x5)
[0712/014803.399:ERROR:process_reader_win.cc(151)] SuspendThread: Acceso denegado. (0x5)
[0712/014803.399:ERROR:process_reader_win.cc(151)] SuspendThread: Acceso denegado. (0x5)
[0712/014803.399:ERROR:process_reader_win.cc(151)] SuspendThread: Acceso denegado. (0x5)
[0712/014803.399:ERROR:exception_snapshot_win.cc(88)] thread ID 16016 not found in process
[0712/015309.856:ERROR:process_info.cc(329)] VirtualQueryEx: Acceso denegado. (0x5)
[0712/015309.856:ERROR:process_info.cc(550)] ReadMemoryInfo failed
[0712/015309.866:ERROR:process_reader_win.cc(151)] SuspendThread: Acceso denegado. (0x5)
[0712/015309.866:ERROR:exception_snapshot_win.cc(88)] thread ID 7388 not found in process
[0712/015309.866:ERROR:scoped_process_suspend.cc(40)] NtResumeProcess: Se intentó obtener acceso a un proceso que está cerrándose. (0xc000010a)
